[    34.116] (--) Log file renamed from "/home/ubuntu/.local/share/xorg/Xorg.pid-1543.log" to "/home/ubuntu/.local/share/xorg/Xorg.0.log"
[    34.117] 
X.Org X Server 1.19.6
Release Date: 2017-12-20
[    34.117] X Protocol Version 11, Revision 0
[    34.117] Build Operating System: Linux 4.4.0-119-generic x86_64 Ubuntu
[    34.117] Current Operating System: Linux ubuntu 4.15.0-29-generic #31-Ubuntu SMP Tue Jul 17 15:39:52 UTC 2018 x86_64
[    34.117] Kernel command line: BOOT_IMAGE=/boot/vmlinuz-4.15.0-29-generic root=UUID=d8e083f2-4337-4700-b751-5356ef31f818 ro find_preseed=/preseed.cfg auto noprompt priority=critical locale=en_US quiet
[    34.117] Build Date: 13 April 2018  08:07:36PM
[    34.117] xorg-server 2:1.19.6-1ubuntu4 (For technical support please see http://www.ubuntu.com/support) 
[    34.117] Current version of pixman: 0.34.0
[    34.117] 	Before reporting problems, check http://wiki.x.org
	to make sure that you have the latest version.
[    34.117] Markers: (--) probed, (**) from config file, (==) default setting,
	(++) from command line, (!!) notice, (II) informational,
	(WW) warning, (EE) error, (NI) not implemented, (??) unknown.
[    34.117] (==) Log file: "/home/ubuntu/.local/share/xorg/Xorg.0.log", Time: Wed Feb 13 04:10:52 2019
[    34.119] (==) Using system config directory "/usr/share/X11/xorg.conf.d"
[    34.121] (==) No Layout section.  Using the first Screen section.
[    34.121] (==) No screen section available. Using defaults.
[    34.121] (**) |-->Screen "Default Screen Section" (0)
[    34.121] (**) |   |-->Monitor "<default monitor>"
[    34.123] (==) No monitor specified for screen "Default Screen Section".
	Using a default monitor configuration.
[    34.123] (==) Automatically adding devices
[    34.123] (==) Automatically enabling devices
[    34.123] (==) Automatically adding GPU devices
[    34.123] (==) Automatically binding GPU devices
[    34.123] (==) Max clients allowed: 256, resource mask: 0x1fffff
[    34.123] (WW) The directory "/usr/share/fonts/X11/cyrillic" does not exist.
[    34.123] 	Entry deleted from font path.
[    34.123] (WW) The directory "/usr/share/fonts/X11/100dpi/" does not exist.
[    34.123] 	Entry deleted from font path.
[    34.123] (WW) The directory "/usr/share/fonts/X11/75dpi/" does not exist.
[    34.123] 	Entry deleted from font path.
[    34.123] (WW) The directory "/usr/share/fonts/X11/100dpi" does not exist.
[    34.123] 	Entry deleted from font path.
[    34.123] (WW) The directory "/usr/share/fonts/X11/75dpi" does not exist.
[    34.123] 	Entry deleted from font path.
[    34.123] (==) FontPath set to:
	/usr/share/fonts/X11/misc,
	/usr/share/fonts/X11/Type1,
	built-ins
[    34.123] (==) ModulePath set to "/usr/lib/xorg/modules"
[    34.123] (II) The server relies on udev to provide the list of input devices.
	If no devices become available, reconfigure udev or disable AutoAddDevices.
[    34.123] (II) Loader magic: 0x56470bb17020
[    34.123] (II) Module ABI versions:
[    34.123] 	X.Org ANSI C Emulation: 0.4
[    34.123] 	X.Org Video Driver: 23.0
[    34.124] 	X.Org XInput driver : 24.1
[    34.124] 	X.Org Server Extension : 10.0
[    34.124] (++) using VT number 2

[    34.128] (II) systemd-logind: took control of session /org/freedesktop/login1/session/_32
[    34.129] (II) xfree86: Adding drm device (/dev/dri/card0)
[    34.132] (II) systemd-logind: got fd for /dev/dri/card0 226:0 fd 12 paused 0
[    34.157] (--) PCI:*(0:0:15:0) 15ad:0405:15ad:0405 rev 0, Mem @ 0xe8000000/134217728, 0xfe000000/8388608, I/O @ 0x00001070/16, BIOS @ 0x????????/131072
[    34.158] (II) LoadModule: "glx"
[    34.159] (II) Loading /usr/lib/xorg/modules/extensions/libglx.so
[    34.163] (II) Module glx: vendor="X.Org Foundation"
[    34.163] 	compiled for 1.19.6, module version = 1.0.0
[    34.164] 	ABI class: X.Org Server Extension, version 10.0
[    34.164] (==) Matched vmware as autoconfigured driver 0
[    34.164] (==) Matched vmware as autoconfigured driver 1
[    34.164] (==) Matched modesetting as autoconfigured driver 2
[    34.164] (==) Matched fbdev as autoconfigured driver 3
[    34.164] (==) Matched vesa as autoconfigured driver 4
[    34.164] (==) Assigned the driver to the xf86ConfigLayout
[    34.164] (II) LoadModule: "vmware"
[    34.164] (II) Loading /usr/lib/xorg/modules/drivers/vmware_drv.so
[    34.202] (II) Module vmware: vendor="X.Org Foundation"
[    34.202] 	compiled for 1.19.3, module version = 13.2.1
[    34.202] 	Module class: X.Org Video Driver
[    34.202] 	ABI class: X.Org Video Driver, version 23.0
[    34.202] (II) LoadModule: "modesetting"
[    34.202] (II) Loading /usr/lib/xorg/modules/drivers/modesetting_drv.so
[    34.208] (II) Module modesetting: vendor="X.Org Foundation"
[    34.208] 	compiled for 1.19.6, module version = 1.19.6
[    34.208] 	Module class: X.Org Video Driver
[    34.208] 	ABI class: X.Org Video Driver, version 23.0
[    34.208] (II) LoadModule: "fbdev"
[    34.209] (II) Loading /usr/lib/xorg/modules/drivers/fbdev_drv.so
[    34.210] (II) Module fbdev: vendor="X.Org Foundation"
[    34.210] 	compiled for 1.19.3, module version = 0.4.4
[    34.210] 	Module class: X.Org Video Driver
[    34.210] 	ABI class: X.Org Video Driver, version 23.0
[    34.210] (II) LoadModule: "vesa"
[    34.210] (II) Loading /usr/lib/xorg/modules/drivers/vesa_drv.so
[    34.211] (II) Module vesa: vendor="X.Org Foundation"
[    34.212] 	compiled for 1.19.3, module version = 2.3.4
[    34.212] 	Module class: X.Org Video Driver
[    34.212] 	ABI class: X.Org Video Driver, version 23.0
[    34.212] (II) vmware: driver for VMware SVGA: vmware0405, vmware0710
[    34.212] (II) modesetting: Driver for Modesetting Kernel Drivers: kms
[    34.212] (II) FBDEV: driver for framebuffer: fbdev
[    34.212] (II) VESA: driver for VESA chipsets: vesa
[    34.213] xf86EnableIOPorts: failed to set IOPL for I/O (Operation not permitted)
[    34.213] (WW) Falling back to old probe method for modesetting
[    34.213] (WW) Falling back to old probe method for fbdev
[    34.213] (II) Loading sub module "fbdevhw"
[    34.213] (II) LoadModule: "fbdevhw"
[    34.213] (II) Loading /usr/lib/xorg/modules/libfbdevhw.so
[    34.214] (II) Module fbdevhw: vendor="X.Org Foundation"
[    34.214] 	compiled for 1.19.6, module version = 0.0.2
[    34.214] 	ABI class: X.Org Video Driver, version 23.0
[    34.214] (EE) open /dev/fb0: Permission denied
[    34.214] (WW) Falling back to old probe method for vesa
[    34.214] (WW) VGA arbiter: cannot open kernel arbiter, no multi-card support
[    34.215] (II) vmware(0): Creating default Display subsection in Screen section
	"Default Screen Section" for depth/fbbpp 24/32
[    34.215] (--) vmware(0): DRM driver version is 2.14.0
[    34.215] (==) vmware(0): Depth 24, (--) framebuffer bpp 32
[    34.215] (==) vmware(0): RGB weight 888
[    34.215] (==) vmware(0): Default visual is TrueColor
[    34.215] (--) vmware(0): Min width 1, Max Width 8192.
[    34.215] (--) vmware(0): Min height 1, Max Height 8192.
[    34.215] (II) vmware(0): Output Virtual1 has no monitor section
[    34.215] (II) vmware(0): Output Virtual2 has no monitor section
[    34.215] (II) vmware(0): Output Virtual3 has no monitor section
[    34.215] (II) vmware(0): Output Virtual4 has no monitor section
[    34.215] (II) vmware(0): Output Virtual5 has no monitor section
[    34.215] (II) vmware(0): Output Virtual6 has no monitor section
[    34.215] (II) vmware(0): Output Virtual7 has no monitor section
[    34.215] (II) vmware(0): Output Virtual8 has no monitor section
[    34.215] (II) vmware(0): Printing probed modes for output Virtual1
[    34.216] (II) vmware(0): Modeline "800x600"x60.0   42.75  800 850 900 950  600 650 700 750 -hsync +vsync (45.0 kHz eP)
[    34.216] (II) vmware(0): Modeline "2560x1600"x60.0  348.50  2560 2752 3032 3504  1600 1603 1609 1658 -hsync +vsync (99.5 kHz e)
[    34.216] (II) vmware(0): Modeline "1920x1440"x60.0  234.00  1920 2048 2256 2600  1440 1441 1444 1500 -hsync +vsync (90.0 kHz e)
[    34.216] (II) vmware(0): Modeline "1856x1392"x60.0  218.25  1856 1952 2176 2528  1392 1393 1396 1439 -hsync +vsync (86.3 kHz e)
[    34.216] (II) vmware(0): Modeline "1792x1344"x60.0  204.75  1792 1920 2120 2448  1344 1345 1348 1394 -hsync +vsync (83.6 kHz e)
[    34.217] (II) vmware(0): Modeline "1920x1200"x59.9  193.25  1920 2056 2256 2592  1200 1203 1209 1245 -hsync +vsync (74.6 kHz e)
[    34.217] (II) vmware(0): Modeline "1600x1200"x60.0  162.00  1600 1664 1856 2160  1200 1201 1204 1250 +hsync +vsync (75.0 kHz e)
[    34.217] (II) vmware(0): Modeline "1680x1050"x60.0  146.25  1680 1784 1960 2240  1050 1053 1059 1089 -hsync +vsync (65.3 kHz e)
[    34.217] (II) vmware(0): Modeline "1400x1050"x60.0  121.75  1400 1488 1632 1864  1050 1053 1057 1089 -hsync +vsync (65.3 kHz e)
[    34.217] (II) vmware(0): Modeline "1280x1024"x60.0  108.00  1280 1328 1440 1688  1024 1025 1028 1066 +hsync +vsync (64.0 kHz e)
[    34.218] (II) vmware(0): Modeline "1440x900"x59.9  106.50  1440 1520 1672 1904  900 903 909 934 -hsync +vsync (55.9 kHz e)
[    34.218] (II) vmware(0): Modeline "1280x960"x60.0  108.00  1280 1376 1488 1800  960 961 964 1000 +hsync +vsync (60.0 kHz e)
[    34.218] (II) vmware(0): Modeline "1360x768"x60.0   85.50  1360 1424 1536 1792  768 771 777 795 +hsync +vsync (47.7 kHz e)
[    34.218] (II) vmware(0): Modeline "1280x800"x59.8   83.50  1280 1352 1480 1680  800 803 809 831 +hsync -vsync (49.7 kHz e)
[    34.218] (II) vmware(0): Modeline "1152x864"x75.0  108.00  1152 1216 1344 1600  864 865 868 900 +hsync +vsync (67.5 kHz e)
[    34.218] (II) vmware(0): Modeline "1280x768"x59.9   79.50  1280 1344 1472 1664  768 771 778 798 -hsync +vsync (47.8 kHz e)
[    34.218] (II) vmware(0): Modeline "1024x768"x60.0   65.00  1024 1048 1184 1344  768 771 777 806 -hsync -vsync (48.4 kHz e)
[    34.218] (II) vmware(0): Modeline "800x600"x60.3   40.00  800 840 968 1056  600 601 605 628 +hsync +vsync (37.9 kHz e)
[    34.218] (II) vmware(0): Modeline "640x480"x59.9   25.18  640 656 752 800  480 489 492 525 -hsync -vsync (31.5 kHz e)
[    34.218] (II) vmware(0): EDID for output Virtual2
[    34.218] (II) vmware(0): EDID for output Virtual3
[    34.218] (II) vmware(0): EDID for output Virtual4
[    34.218] (II) vmware(0): EDID for output Virtual5
[    34.218] (II) vmware(0): EDID for output Virtual6
[    34.218] (II) vmware(0): EDID for output Virtual7
[    34.218] (II) vmware(0): EDID for output Virtual8
[    34.218] (II) vmware(0): Output Virtual1 connected
[    34.218] (II) vmware(0): Output Virtual2 disconnected
[    34.218] (II) vmware(0): Output Virtual3 disconnected
[    34.218] (II) vmware(0): Output Virtual4 disconnected
[    34.218] (II) vmware(0): Output Virtual5 disconnected
[    34.218] (II) vmware(0): Output Virtual6 disconnected
[    34.218] (II) vmware(0): Output Virtual7 disconnected
[    34.218] (II) vmware(0): Output Virtual8 disconnected
[    34.218] (II) vmware(0): Using exact sizes for initial modes
[    34.218] (II) vmware(0): Output Virtual1 using initial mode 800x600 +0+0
[    34.218] (==) vmware(0): DPI set to (96, 96)
[    34.218] (==) vmware(0): Using gamma correction (1.0, 1.0, 1.0)
[    34.218] (II) Loading sub module "fb"
[    34.218] (II) LoadModule: "fb"
[    34.218] (II) Loading /usr/lib/xorg/modules/libfb.so
[    34.227] (II) Module fb: vendor="X.Org Foundation"
[    34.227] 	compiled for 1.19.6, module version = 1.0.0
[    34.227] 	ABI class: X.Org ANSI C Emulation, version 0.4
[    34.227] (II) Loading sub module "dri2"
[    34.227] (II) LoadModule: "dri2"
[    34.227] (II) Module "dri2" already built-in
[    34.227] (II) UnloadModule: "modesetting"
[    34.227] (II) Unloading modesetting
[    34.227] (II) UnloadModule: "fbdev"
[    34.227] (II) Unloading fbdev
[    34.227] (II) UnloadSubModule: "fbdevhw"
[    34.227] (II) Unloading fbdevhw
[    34.227] (II) UnloadModule: "vesa"
[    34.227] (II) Unloading vesa
[    34.227] (==) Depth 24 pixmap format is 32 bpp
[    34.230] (II) vmware(0): Initialized VMWARE_CTRL extension version 0.2
[    34.245] (II) vmware(0): Gallium3D XA version: 2.3.0.
[    34.246] (II) vmware(0): Path of drm device is "/dev/dri/card0".
[    34.246] (II) vmware(0): [DRI2] Setup complete
[    34.246] (II) vmware(0): [DRI2]   DRI driver: vmwgfx
[    34.246] (--) vmware(0): Render acceleration is enabled.
[    34.246] (==) vmware(0): Rendercheck mode is disabled.
[    34.246] (--) vmware(0): Direct rendering (3D) is enabled.
[    34.246] (==) vmware(0): Direct presents are disabled.
[    34.246] (==) vmware(0): Hardware only presents are automatic per scanout.
[    34.246] (==) vmware(0): Backing store enabled
[    34.246] (==) vmware(0): Silken mouse enabled
[    34.247] (II) vmware(0): RandR 1.2 enabled, ignore the following RandR disabled message.
[    34.248] (==) vmware(0): DPMS enabled
[    34.248] (--) RandR disabled
[    34.252] (II) SELinux: Disabled on system
[    34.265] (II) AIGLX: enabled GLX_MESA_copy_sub_buffer
[    34.265] (II) AIGLX: enabled GLX_ARB_create_context
[    34.265] (II) AIGLX: enabled GLX_ARB_create_context_profile
[    34.265] (II) AIGLX: enabled GLX_EXT_create_context_es{,2}_profile
[    34.265] (II) AIGLX: enabled GLX_EXT_framebuffer_sRGB
[    34.266] (II) AIGLX: enabled GLX_ARB_fbconfig_float
[    34.266] (II) AIGLX: enabled GLX_EXT_fbconfig_packed_float
[    34.266] (II) AIGLX: GLX_EXT_texture_from_pixmap backed by buffer objects
[    34.266] (II) AIGLX: Loaded and initialized vmwgfx
[    34.267] (II) GLX: Initialized DRI2 GL provider for screen 0
[    34.280] (II) vmware(0): Setting screen physical size to 211 x 158
[    34.349] (II) config/udev: Adding input device Power Button (/dev/input/event0)
[    34.349] (**) Power Button: Applying InputClass "libinput keyboard catchall"
[    34.349] (II) LoadModule: "libinput"
[    34.350] (II) Loading /usr/lib/xorg/modules/input/libinput_drv.so
[    34.353] (II) Module libinput: vendor="X.Org Foundation"
[    34.353] 	compiled for 1.19.6, module version = 0.27.1
[    34.353] 	Module class: X.Org XInput Driver
[    34.353] 	ABI class: X.Org XInput driver, version 24.1
[    34.353] (II) Using input driver 'libinput' for 'Power Button'
[    34.357] (II) systemd-logind: got fd for /dev/input/event0 13:64 fd 24 paused 0
[    34.357] (**) Power Button: always reports core events
[    34.357] (**) Option "Device" "/dev/input/event0"
[    34.357] (**) Option "_source" "server/udev"
[    34.358] (II) event0  - Power Button: is tagged by udev as: Keyboard
[    34.358] (II) event0  - Power Button: device is a keyboard
[    34.358] (II) event0  - Power Button: device removed
[    34.358] (**) Option "config_info" "udev:/sys/devices/LNXSYSTM:00/LNXPWRBN:00/input/input0/event0"
[    34.358] (II) XINPUT: Adding extended input device "Power Button" (type: KEYBOARD, id 6)
[    34.358] (**) Option "xkb_layout" "es,us"
[    34.359] (**) Option "xkb_variant" "winkeys,"
[    34.384] (II) event0  - Power Button: is tagged by udev as: Keyboard
[    34.385] (II) event0  - Power Button: device is a keyboard
[    34.387] (II) config/udev: Adding input device VMware VMware Virtual USB Mouse (/dev/input/event4)
[    34.387] (**) VMware VMware Virtual USB Mouse: Applying InputClass "libinput pointer catchall"
[    34.387] (II) Using input driver 'libinput' for 'VMware VMware Virtual USB Mouse'
[    35.073] (II) systemd-logind: got fd for /dev/input/event4 13:68 fd 27 paused 0
[    35.073] (**) VMware VMware Virtual USB Mouse: always reports core events
[    35.073] (**) Option "Device" "/dev/input/event4"
[    35.073] (**) Option "_source" "server/udev"
[    35.074] (II) event4  - VMware VMware Virtual USB Mouse: is tagged by udev as: Mouse
[    35.074] (II) event4  - VMware VMware Virtual USB Mouse: device is a pointer
[    35.074] (II) event4  - VMware VMware Virtual USB Mouse: device removed
[    35.074] (**) Option "config_info" "udev:/sys/devices/pci0000:00/0000:00:11.0/0000:02:00.0/usb2/2-1/2-1:1.0/0003:0E0F:0003.0001/input/input5/event4"
[    35.074] (II) XINPUT: Adding extended input device "VMware VMware Virtual USB Mouse" (type: MOUSE, id 7)
[    35.074] (**) Option "AccelerationScheme" "none"
[    35.074] (**) VMware VMware Virtual USB Mouse: (accel) selected scheme none/0
[    35.074] (**) VMware VMware Virtual USB Mouse: (accel) acceleration factor: 2.000
[    35.074] (**) VMware VMware Virtual USB Mouse: (accel) acceleration threshold: 4
[    35.075] (II) event4  - VMware VMware Virtual USB Mouse: is tagged by udev as: Mouse
[    35.075] (II) event4  - VMware VMware Virtual USB Mouse: device is a pointer
[    35.075] (II) config/udev: Adding input device VMware VMware Virtual USB Mouse (/dev/input/mouse2)
[    35.075] (II) No input driver specified, ignoring this device.
[    35.075] (II) This device may have been added with another device file.
[    35.086] (II) config/udev: Adding input device AT Translated Set 2 keyboard (/dev/input/event1)
[    35.086] (**) AT Translated Set 2 keyboard: Applying InputClass "libinput keyboard catchall"
[    35.086] (II) Using input driver 'libinput' for 'AT Translated Set 2 keyboard'
[    35.092] (II) systemd-logind: got fd for /dev/input/event1 13:65 fd 28 paused 0
[    35.092] (**) AT Translated Set 2 keyboard: always reports core events
[    35.093] (**) Option "Device" "/dev/input/event1"
[    35.096] (**) Option "_source" "server/udev"
[    35.096] (II) event1  - AT Translated Set 2 keyboard: is tagged by udev as: Keyboard
[    35.096] (II) event1  - AT Translated Set 2 keyboard: device is a keyboard
[    35.097] (II) event1  - AT Translated Set 2 keyboard: device removed
[    35.097] (**) Option "config_info" "udev:/sys/devices/platform/i8042/serio0/input/input1/event1"
[    35.097] (II) XINPUT: Adding extended input device "AT Translated Set 2 keyboard" (type: KEYBOARD, id 8)
[    35.097] (**) Option "xkb_layout" "es,us"
[    35.097] (**) Option "xkb_variant" "winkeys,"
[    35.098] (II) event1  - AT Translated Set 2 keyboard: is tagged by udev as: Keyboard
[    35.098] (II) event1  - AT Translated Set 2 keyboard: device is a keyboard
[    35.099] (II) config/udev: Adding input device VirtualPS/2 VMware VMMouse (/dev/input/event3)
[    35.099] (**) VirtualPS/2 VMware VMMouse: Applying InputClass "libinput pointer catchall"
[    35.099] (II) Using input driver 'libinput' for 'VirtualPS/2 VMware VMMouse'
[    35.102] (II) systemd-logind: got fd for /dev/input/event3 13:67 fd 29 paused 0
[    35.102] (**) VirtualPS/2 VMware VMMouse: always reports core events
[    35.102] (**) Option "Device" "/dev/input/event3"
[    35.102] (**) Option "_source" "server/udev"
[    35.103] (II) event3  - VirtualPS/2 VMware VMMouse: is tagged by udev as: Mouse
[    35.103] (II) event3  - VirtualPS/2 VMware VMMouse: device is a pointer
[    35.103] (II) event3  - VirtualPS/2 VMware VMMouse: device removed
[    35.103] (**) Option "config_info" "udev:/sys/devices/platform/i8042/serio1/input/input3/event3"
[    35.104] (II) XINPUT: Adding extended input device "VirtualPS/2 VMware VMMouse" (type: MOUSE, id 9)
[    35.106] (**) Option "AccelerationScheme" "none"
[    35.108] (**) VirtualPS/2 VMware VMMouse: (accel) selected scheme none/0
[    35.108] (**) VirtualPS/2 VMware VMMouse: (accel) acceleration factor: 2.000
[    35.108] (**) VirtualPS/2 VMware VMMouse: (accel) acceleration threshold: 4
[    35.116] (II) event3  - VirtualPS/2 VMware VMMouse: is tagged by udev as: Mouse
[    35.116] (II) event3  - VirtualPS/2 VMware VMMouse: device is a pointer
[    35.117] (II) config/udev: Adding input device VirtualPS/2 VMware VMMouse (/dev/input/mouse1)
[    35.117] (II) No input driver specified, ignoring this device.
[    35.117] (II) This device may have been added with another device file.
[    35.120] (II) config/udev: Adding input device VirtualPS/2 VMware VMMouse (/dev/input/event2)
[    35.121] (**) VirtualPS/2 VMware VMMouse: Applying InputClass "libinput pointer catchall"
[    35.122] (II) Using input driver 'libinput' for 'VirtualPS/2 VMware VMMouse'
[    35.123] (II) systemd-logind: got fd for /dev/input/event2 13:66 fd 30 paused 0
[    35.123] (**) VirtualPS/2 VMware VMMouse: always reports core events
[    35.123] (**) Option "Device" "/dev/input/event2"
[    35.124] (**) Option "_source" "server/udev"
[    35.126] (II) event2  - VirtualPS/2 VMware VMMouse: is tagged by udev as: Mouse
[    35.127] (II) event2  - VirtualPS/2 VMware VMMouse: device is a pointer
[    35.127] (II) event2  - VirtualPS/2 VMware VMMouse: device removed
[    35.128] (**) Option "config_info" "udev:/sys/devices/platform/i8042/serio1/input/input4/event2"
[    35.128] (II) XINPUT: Adding extended input device "VirtualPS/2 VMware VMMouse" (type: MOUSE, id 10)
[    35.131] (**) Option "AccelerationScheme" "none"
[    35.132] (**) VirtualPS/2 VMware VMMouse: (accel) selected scheme none/0
[    35.132] (**) VirtualPS/2 VMware VMMouse: (accel) acceleration factor: 2.000
[    35.132] (**) VirtualPS/2 VMware VMMouse: (accel) acceleration threshold: 4
[    35.134] (II) event2  - VirtualPS/2 VMware VMMouse: is tagged by udev as: Mouse
[    35.135] (II) event2  - VirtualPS/2 VMware VMMouse: device is a pointer
[    35.136] (II) config/udev: Adding input device VirtualPS/2 VMware VMMouse (/dev/input/mouse0)
[    35.137] (II) No input driver specified, ignoring this device.
[    35.137] (II) This device may have been added with another device file.
